<?xml version="1.0" encoding="UTF-8"?>
<!-- Generated by org.testng.reporters.JUnitXMLReporter -->
<testsuite hostname="DESKTOP-KTHKFE5" ignored="0" name="Test" tests="56" failures="1" timestamp="2020-11-29T16:32:56 IST" time="88.783" errors="0">
  <testcase name="getResponseTime" time="1.216" classname="tests.base_test"/>
  <testcase name="getStatusCode" time="0.498" classname="tests.base_test"/>
  <testcase name="getResponseTime" time="0.481" classname="tests.base_test"/>
  <testcase name="getStatusCode" time="0.5" classname="tests.base_test"/>
  <testcase name="t01_loginFailedFromTable" time="1.422" classname="tests.login_test"/>
  <testcase name="t01_loginFailedFromTable" time="1.354" classname="tests.login_test"/>
  <testcase name="t01_loginFailedFromTable" time="1.363" classname="tests.login_test"/>
  <testcase name="t01_loginFailedFromTable" time="1.364" classname="tests.login_test"/>
  <testcase name="t02_loginFailedMatchAssert" time="1.352" classname="tests.login_test"/>
  <testcase name="t03_loginFailedNoMatchAssert" time="1.352" classname="tests.login_test">
    <failure type="java.lang.AssertionError" message="expected [Sorry! Epic sadface: Username and password do not match any user in this service] but found [Epic sadface: Username and password do not match any user in this service]">
      <![CDATA[java.lang.AssertionError: expected [Sorry! Epic sadface: Username and password do not match any user in this service] but found [Epic sadface: Username and password do not match any user in this service]
at tests.login_test.t03_loginFailedNoMatchAssert(login_test.java:33)
at java.util.ArrayList.forEach(ArrayList.java:1257)
... Removed 36 stack frames]]>
    </failure>
  </testcase> <!-- t03_loginFailedNoMatchAssert -->
  <testcase name="t04_loginSucceed" time="2.131" classname="tests.login_test"/>
  <testcase name="getResponseTime" time="0.44" classname="tests.base_test"/>
  <testcase name="getStatusCode" time="0.475" classname="tests.base_test"/>
  <testcase name="t01_loginSucceed" time="2.126" classname="tests.cart_test"/>
  <testcase name="t02_addListItems" time="0.568" classname="tests.cart_test"/>
  <testcase name="t03_remvoeItem" time="0.073" classname="tests.cart_test"/>
  <testcase name="t04_continueShopping" time="0.2" classname="tests.cart_test"/>
  <testcase name="t05_numOfItems" time="1.074" classname="tests.cart_test"/>
  <testcase name="t06_clickCheckOut" time="0.197" classname="tests.cart_test"/>
  <testcase name="getResponseTime" time="0.446" classname="tests.base_test"/>
  <testcase name="getStatusCode" time="0.472" classname="tests.base_test"/>
  <testcase name="t01_loginSucceed" time="4.651" classname="tests.inventory_test"/>
  <testcase name="t02_addOneItemAndBack" time="0.334" classname="tests.inventory_test"/>
  <testcase name="t03_addListItems" time="0.388" classname="tests.inventory_test"/>
  <testcase name="t04_lowToHigh" time="0.129" classname="tests.inventory_test"/>
  <testcase name="t05_highToLowh" time="0.123" classname="tests.inventory_test"/>
  <testcase name="t06_ZToA" time="0.111" classname="tests.inventory_test"/>
  <testcase name="t07_logOut" time="0.293" classname="tests.inventory_test"/>
  <testcase name="getResponseTime" time="0.472" classname="tests.base_test"/>
  <testcase name="getStatusCode" time="0.74" classname="tests.base_test"/>
  <testcase name="t01_loginSucceed" time="2.199" classname="tests.checkout_step_one_test"/>
  <testcase name="t02_addListItems" time="0.563" classname="tests.checkout_step_one_test"/>
  <testcase name="t03_clickCheckOut" time="0.19" classname="tests.checkout_step_one_test"/>
  <testcase name="t04_personalWrongFirstName" time="2.504" classname="tests.checkout_step_one_test"/>
  <testcase name="t05_personalCorrectDetails" time="0.583" classname="tests.checkout_step_one_test"/>
  <testcase name="getResponseTime" time="0.48" classname="tests.base_test"/>
  <testcase name="getStatusCode" time="0.476" classname="tests.base_test"/>
  <testcase name="t01_loginSucceed" time="2.203" classname="tests.checkout_step_two_test"/>
  <testcase name="t02_addListItems" time="0.56" classname="tests.checkout_step_two_test"/>
  <testcase name="t03_clickCheckOut" time="0.201" classname="tests.checkout_step_two_test"/>
  <testcase name="t04_personalCorrectDetails" time="0.643" classname="tests.checkout_step_two_test"/>
  <testcase name="t05_printSauceCard" time="0.059" classname="tests.checkout_step_two_test"/>
  <testcase name="t06_printItemTotal" time="0.047" classname="tests.checkout_step_two_test"/>
  <testcase name="t07_printTax" time="0.047" classname="tests.checkout_step_two_test"/>
  <testcase name="t08_printTotal" time="0.046" classname="tests.checkout_step_two_test"/>
  <testcase name="t09_finish" time="0.443" classname="tests.checkout_step_two_test"/>
  <testcase name="getResponseTime" time="0.469" classname="tests.base_test"/>
  <testcase name="getStatusCode" time="0.472" classname="tests.base_test"/>
  <testcase name="t01_loginSucceed" time="2.111" classname="tests.checkout_complete_test"/>
  <testcase name="t02_addListItems" time="0.561" classname="tests.checkout_complete_test"/>
  <testcase name="t03_clickCheckOut" time="0.205" classname="tests.checkout_complete_test"/>
  <testcase name="t04_personalCorrectDetails" time="0.64" classname="tests.checkout_complete_test"/>
  <testcase name="t05_finish" time="0.283" classname="tests.checkout_complete_test"/>
  <testcase name="t06_printMessage" time="0.065" classname="tests.checkout_complete_test"/>
  <testcase name="t07_finishOrder" time="0.025" classname="tests.checkout_complete_test"/>
  <testcase name="t09_logOut" time="0.258" classname="tests.checkout_complete_test"/>
</testsuite> <!-- Test -->
