<?xml version="1.0" encoding="UTF-8"?>
<testsuite xmlns:xsi="http://www.w3.org/2001/XMLSchema-instance" xsi:noNamespaceSchemaLocation="https://maven.apache.org/surefire/maven-surefire-plugin/xsd/surefire-test-report-3.0.xsd" version="3.0" name="TestSuite" time="89.459" tests="56" errors="0" skipped="0" failures="1">
  <properties>
[...]
</properties>
  <testcase name="getResponseTime" classname="tests.base_test" time="1.316"/>
  <testcase name="getStatusCode" classname="tests.base_test" time="0.453"/>
  <testcase name="getResponseTime" classname="tests.login_test" time="0.455"/>
  <testcase name="getStatusCode" classname="tests.login_test" time="0.433"/>
  <testcase name="t01_loginFailedFromTable" classname="tests.login_test" time="1.437"/>
  <testcase name="t01_loginFailedFromTable" classname="tests.login_test" time="1.359"/>
  <testcase name="t01_loginFailedFromTable" classname="tests.login_test" time="1.347"/>
  <testcase name="t01_loginFailedFromTable" classname="tests.login_test" time="1.341"/>
  <testcase name="t02_loginFailedMatchAssert" classname="tests.login_test" time="1.384"/>
  <testcase name="t03_loginFailedNoMatchAssert" classname="tests.login_test" time="1.366">
    <failure message="expected [Sorry! Epic sadface: Username and password do not match any user in this service] but found [Epic sadface: Username and password do not match any user in this service]" type="java.lang.AssertionError"><![CDATA[java.lang.AssertionError: expected [Sorry! Epic sadface: Username and password do not match any user in this service] but found [Epic sadface: Username and password do not match any user in this service]
	at tests.login_test.t03_loginFailedNoMatchAssert(login_test.java:33)
]]></failure>
  </testcase>
  <testcase name="t04_loginSucceed" classname="tests.login_test" time="2.257"/>
  <testcase name="getResponseTime" classname="tests.cart_test" time="0.456"/>
  <testcase name="getStatusCode" classname="tests.cart_test" time="0.491"/>
  <testcase name="t01_loginSucceed" classname="tests.cart_test" time="2.152"/>
  <testcase name="t02_addListItems" classname="tests.cart_test" time="0.574"/>
  <testcase name="t03_remvoeItem" classname="tests.cart_test" time="0.07"/>
  <testcase name="t04_continueShopping" classname="tests.cart_test" time="0.197"/>
  <testcase name="t05_numOfItems" classname="tests.cart_test" time="1.075"/>
  <testcase name="t06_clickCheckOut" classname="tests.cart_test" time="0.206"/>
  <testcase name="getResponseTime" classname="tests.inventory_test" time="0.471"/>
  <testcase name="getStatusCode" classname="tests.inventory_test" time="0.477"/>
  <testcase name="t01_loginSucceed" classname="tests.inventory_test" time="3.862"/>
  <testcase name="t02_addOneItemAndBack" classname="tests.inventory_test" time="0.336"/>
  <testcase name="t03_addListItems" classname="tests.inventory_test" time="0.375"/>
  <testcase name="t04_lowToHigh" classname="tests.inventory_test" time="0.124"/>
  <testcase name="t05_highToLowh" classname="tests.inventory_test" time="0.118"/>
  <testcase name="t06_ZToA" classname="tests.inventory_test" time="0.116"/>
  <testcase name="t07_logOut" classname="tests.inventory_test" time="0.292"/>
  <testcase name="getResponseTime" classname="tests.checkout_step_one_test" time="0.473"/>
  <testcase name="getStatusCode" classname="tests.checkout_step_one_test" time="0.453"/>
  <testcase name="t01_loginSucceed" classname="tests.checkout_step_one_test" time="2.268"/>
  <testcase name="t02_addListItems" classname="tests.checkout_step_one_test" time="0.584"/>
  <testcase name="t03_clickCheckOut" classname="tests.checkout_step_one_test" time="0.206"/>
  <testcase name="t04_personalWrongFirstName" classname="tests.checkout_step_one_test" time="2.53"/>
  <testcase name="t05_personalCorrectDetails" classname="tests.checkout_step_one_test" time="0.618"/>
  <testcase name="getResponseTime" classname="tests.checkout_step_two_test" time="0.471"/>
  <testcase name="getStatusCode" classname="tests.checkout_step_two_test" time="0.463"/>
  <testcase name="t01_loginSucceed" classname="tests.checkout_step_two_test" time="2.179"/>
  <testcase name="t02_addListItems" classname="tests.checkout_step_two_test" time="0.591"/>
  <testcase name="t03_clickCheckOut" classname="tests.checkout_step_two_test" time="0.222"/>
  <testcase name="t04_personalCorrectDetails" classname="tests.checkout_step_two_test" time="0.642"/>
  <testcase name="t05_printSauceCard" classname="tests.checkout_step_two_test" time="0.047"/>
  <testcase name="t06_printItemTotal" classname="tests.checkout_step_two_test" time="0.048"/>
  <testcase name="t07_printTax" classname="tests.checkout_step_two_test" time="0.046"/>
  <testcase name="t08_printTotal" classname="tests.checkout_step_two_test" time="0.047"/>
  <testcase name="t09_finish" classname="tests.checkout_step_two_test" time="0.278"/>
  <testcase name="getResponseTime" classname="tests.checkout_complete_test" time="0.484"/>
  <testcase name="getStatusCode" classname="tests.checkout_complete_test" time="0.474"/>
  <testcase name="t01_loginSucceed" classname="tests.checkout_complete_test" time="2.73"/>
  <testcase name="t02_addListItems" classname="tests.checkout_complete_test" time="0.577"/>
  <testcase name="t03_clickCheckOut" classname="tests.checkout_complete_test" time="0.202"/>
  <testcase name="t04_personalCorrectDetails" classname="tests.checkout_complete_test" time="0.661"/>
  <testcase name="t05_finish" classname="tests.checkout_complete_test" time="0.264"/>
  <testcase name="t06_printMessage" classname="tests.checkout_complete_test" time="0.062"/>
  <testcase name="t07_finishOrder" classname="tests.checkout_complete_test" time="0.031"/>
  <testcase name="t09_logOut" classname="tests.checkout_complete_test" time="0.25"/>
</testsuite>