-------------------------------------------------------------------------------
Test set: TestSuite
-------------------------------------------------------------------------------
Tests run: 56, Failures: 1, Errors: 0, Skipped: 0, Time elapsed: 89.342 s <<< FAILURE! - in TestSuite
tests.login_test.t03_loginFailedNoMatchAssert  Time elapsed: 1.357 s  <<< FAILURE!
java.lang.AssertionError: expected [Sorry! Epic sadface: Username and password do not match any user in this service] but found [Epic sadface: Username and password do not match any user in this service]
	at tests.login_test.t03_loginFailedNoMatchAssert(login_test.java:33)

