<?xml version="1.0" encoding="UTF-8"?>
<!-- Generated by org.testng.reporters.JUnitXMLReporter -->
<testsuite ignored="0" hostname="DESKTOP-KTHKFE5" failures="0" tests="6" name="Default test" time="10.936" errors="0" timestamp="08 May 2020 06:53:33 GMT">
  <testcase classname="tests.Cart_test" name="t01_loginSucceed" time="2.009"/>
  <testcase classname="tests.Cart_test" name="t02_addListItems" time="0.432"/>
  <testcase classname="tests.Cart_test" name="t03_remvoeItem" time="0.063"/>
  <testcase classname="tests.Cart_test" name="t04_continueShopping" time="0.206"/>
  <testcase classname="tests.Cart_test" name="t05_numOfItems" time="1.035"/>
  <testcase classname="tests.Cart_test" name="t06_clickCheckOut" time="0.128"/>
</testsuite> <!-- Default test -->
